<?xml version="1.0" encoding="UTF-8"?>
<!-- Generated by org.testng.reporters.JUnitXMLReporter -->
<testsuite hostname="PREETISH" name="Testone" tests="3" failures="1" timestamp="28 Apr 2018 04:46:54 GMT" time="0.082" errors="0">
  <testcase name="testMethodFail" time="0.035" classname="excelreportgenerator.TestOne">
    <failure type="java.lang.AssertionError" message="expected [true] but found [false]">
      <![CDATA[java.lang.AssertionError: expected [true] but found [false]
	at excelreportgenerator.TestOne.testMethodFail(TestOne.java:18)
... Removed 28 stack frames]]>
    </failure>
  </testcase> <!-- testMethodFail -->
  <testcase name="testMethodPass" time="0.004" classname="excelreportgenerator.TestOne"/>
  <testcase name="testMethodSkip" time="0.005" classname="excelreportgenerator.TestOne">
    <skipped/>
  </testcase> <!-- testMethodSkip -->
</testsuite> <!-- Testone -->
