<?xml version="1.0" encoding="UTF-8"?>
<!-- Generated by org.testng.reporters.JUnitXMLReporter -->
<testsuite hostname="PREETISH" name="Testthree" tests="1" failures="1" timestamp="23 Apr 2018 20:27:11 GMT" time="16.598" errors="0">
  <testcase name="enterCredentials" time="0.357" classname="co.qa.excelreporter.TC_002">
    <failure type="java.lang.AssertionError" message="expected [true] but found [false]">
      <![CDATA[java.lang.AssertionError: expected [true] but found [false]
	at co.qa.excelreporter.TC_002.enterCredentials(TC_002.java:14)
... Removed 28 stack frames]]>
    </failure>
  </testcase> <!-- enterCredentials -->
</testsuite> <!-- Testthree -->
